# JRE version: OpenJDK Runtime Environment (8.0_152-b02) (build 1.8.0_152-release-1024-b02)
# Java VM: OpenJDK 64-Bit Server VM (25.152-b02 mixed mode windows-amd64 compressed oops)
Heap:
 PSYoungGen      total 225792K, used 211799K [0x00000000e0000000, 0x00000000f2d80000, 0x0000000100000000)
  eden space 200192K, 93% used [0x00000000e0000000,0x00000000eb5d6138,0x00000000ec380000)
  from space 25600K, 99% used [0x00000000ee980000,0x00000000f027fdc8,0x00000000f0280000)
  to   space 38912K, 0% used [0x00000000ec380000,0x00000000ec380000,0x00000000ee980000)
 ParOldGen       total 227840K, used 89080K [0x00000000a0000000, 0x00000000ade80000, 0x00000000e0000000)
  object space 227840K, 39% used [0x00000000a0000000,0x00000000a56fe0e8,0x00000000ade80000)
 Metaspace       used 67439K, capacity 69670K, committed 69976K, reserved 1110016K
  class space    used 8752K, capacity 9280K, committed 9344K, reserved 1048576K
GC Heap History (10 events):
Event: 10.676 GC heap before
{Heap before GC invocations=11 (full 2):
 PSYoungGen      total 176640K, used 160290K [0x00000000e0000000, 0x00000000ec100000, 0x0000000100000000)
  eden space 163840K, 90% used [0x00000000e0000000,0x00000000e900c3e0,0x00000000ea000000)
  from space 12800K, 99% used [0x00000000eaf00000,0x00000000ebb7c498,0x00000000ebb80000)
  to   space 15360K, 0% used [0x00000000ea000000,0x00000000ea000000,0x00000000eaf00000)
 ParOldGen       total 141824K, used 20611K [0x00000000a0000000, 0x00000000a8a80000, 0x00000000e0000000)
  object space 141824K, 14% used [0x00000000a0000000,0x00000000a1420c40,0x00000000a8a80000)
 Metaspace       used 56743K, capacity 58784K, committed 59028K, reserved 1099776K
  class space    used 7694K, capacity 8183K, committed 8192K, reserved 1048576K
Event: 10.690 GC heap after
Heap after GC invocations=11 (full 2):
 PSYoungGen      total 179200K, used 15350K [0x00000000e0000000, 0x00000000efa00000, 0x0000000100000000)
  eden space 163840K, 0% used [0x00000000e0000000,0x00000000e0000000,0x00000000ea000000)
  from space 15360K, 99% used [0x00000000ea000000,0x00000000eaefd9a0,0x00000000eaf00000)
  to   space 22528K, 0% used [0x00000000ee400000,0x00000000ee400000,0x00000000efa00000)
 ParOldGen       total 141824K, used 34590K [0x00000000a0000000, 0x00000000a8a80000, 0x00000000e0000000)
  object space 141824K, 24% used [0x00000000a0000000,0x00000000a21c79d8,0x00000000a8a80000)
 Metaspace       used 56743K, capacity 58784K, committed 59028K, reserved 1099776K
  class space    used 7694K, capacity 8183K, committed 8192K, reserved 1048576K
}
Event: 10.690 GC heap before
{Heap before GC invocations=12 (full 3):
 PSYoungGen      total 179200K, used 15350K [0x00000000e0000000, 0x00000000efa00000, 0x0000000100000000)
  eden space 163840K, 0% used [0x00000000e0000000,0x00000000e0000000,0x00000000ea000000)
  from space 15360K, 99% used [0x00000000ea000000,0x00000000eaefd9a0,0x00000000eaf00000)
  to   space 22528K, 0% used [0x00000000ee400000,0x00000000ee400000,0x00000000efa00000)
 ParOldGen       total 141824K, used 34590K [0x00000000a0000000, 0x00000000a8a80000, 0x00000000e0000000)
  object space 141824K, 24% used [0x00000000a0000000,0x00000000a21c79d8,0x00000000a8a80000)
 Metaspace       used 56743K, capacity 58784K, committed 59028K, reserved 1099776K
  class space    used 7694K, capacity 8183K, committed 8192K, reserved 1048576K
Event: 10.875 GC heap after
Heap after GC invocations=12 (full 3):
 PSYoungGen      total 179200K, used 0K [0x00000000e0000000, 0x00000000efa00000, 0x0000000100000000)
  eden space 163840K, 0% used [0x00000000e0000000,0x00000000e0000000,0x00000000ea000000)
  from space 15360K, 0% used [0x00000000ea000000,0x00000000ea000000,0x00000000eaf00000)
  to   space 22528K, 0% used [0x00000000ee400000,0x00000000ee400000,0x00000000efa00000)
 ParOldGen       total 227840K, used 42346K [0x00000000a0000000, 0x00000000ade80000, 0x00000000e0000000)
  object space 227840K, 18% used [0x00000000a0000000,0x00000000a295a888,0x00000000ade80000)
 Metaspace       used 56743K, capacity 58784K, committed 59028K, reserved 1099776K
  class space    used 7694K, capacity 8183K, committed 8192K, reserved 1048576K
}
Event: 14.254 GC heap before
{Heap before GC invocations=13 (full 3):
 PSYoungGen      total 179200K, used 163840K [0x00000000e0000000, 0x00000000efa00000, 0x0000000100000000)
  eden space 163840K, 100% used [0x00000000e0000000,0x00000000ea000000,0x00000000ea000000)
  from space 15360K, 0% used [0x00000000ea000000,0x00000000ea000000,0x00000000eaf00000)
  to   space 22528K, 0% used [0x00000000ee400000,0x00000000ee400000,0x00000000efa00000)
 ParOldGen       total 227840K, used 42346K [0x00000000a0000000, 0x00000000ade80000, 0x00000000e0000000)
  object space 227840K, 18% used [0x00000000a0000000,0x00000000a295a888,0x00000000ade80000)
 Metaspace       used 59657K, capacity 61806K, committed 62040K, reserved 1103872K
  class space    used 7990K, capacity 8502K, committed 8576K, reserved 1048576K
Event: 14.266 GC heap after
Heap after GC invocations=13 (full 3):
 PSYoungGen      total 211456K, used 22512K [0x00000000e0000000, 0x00000000efa00000, 0x0000000100000000)
  eden space 188928K, 0% used [0x00000000e0000000,0x00000000e0000000,0x00000000eb880000)
  from space 22528K, 99% used [0x00000000ee400000,0x00000000ef9fc080,0x00000000efa00000)
  to   space 26624K, 0% used [0x00000000ec600000,0x00000000ec600000,0x00000000ee000000)
 ParOldGen       total 227840K, used 45168K [0x00000000a0000000, 0x00000000ade80000, 0x00000000e0000000)
  object space 227840K, 19% used [0x00000000a0000000,0x00000000a2c1c088,0x00000000ade80000)
 Metaspace       used 59657K, capacity 61806K, committed 62040K, reserved 1103872K
  class space    used 7990K, capacity 8502K, committed 8576K, reserved 1048576K
}
Event: 19.802 GC heap before
{Heap before GC invocations=14 (full 3):
 PSYoungGen      total 211456K, used 211440K [0x00000000e0000000, 0x00000000efa00000, 0x0000000100000000)
  eden space 188928K, 100% used [0x00000000e0000000,0x00000000eb880000,0x00000000eb880000)
  from space 22528K, 99% used [0x00000000ee400000,0x00000000ef9fc080,0x00000000efa00000)
  to   space 26624K, 0% used [0x00000000ec600000,0x00000000ec600000,0x00000000ee000000)
 ParOldGen       total 227840K, used 45168K [0x00000000a0000000, 0x00000000ade80000, 0x00000000e0000000)
  object space 227840K, 19% used [0x00000000a0000000,0x00000000a2c1c088,0x00000000ade80000)
 Metaspace       used 61254K, capacity 63526K, committed 63704K, reserved 1103872K
  class space    used 8148K, capacity 8704K, committed 8704K, reserved 1048576K
Event: 19.815 GC heap after
Heap after GC invocations=14 (full 3):
 PSYoungGen      total 229376K, used 11047K [0x00000000e0000000, 0x00000000f0280000, 0x0000000100000000)
  eden space 202752K, 0% used [0x00000000e0000000,0x00000000e0000000,0x00000000ec600000)
  from space 26624K, 41% used [0x00000000ec600000,0x00000000ed0c9d70,0x00000000ee000000)
  to   space 25600K, 0% used [0x00000000ee980000,0x00000000ee980000,0x00000000f0280000)
 ParOldGen       total 227840K, used 62111K [0x00000000a0000000, 0x00000000ade80000, 0x00000000e0000000)
  object space 227840K, 27% used [0x00000000a0000000,0x00000000a3ca7cf8,0x00000000ade80000)
 Metaspace       used 61254K, capacity 63526K, committed 63704K, reserved 1103872K
  class space    used 8148K, capacity 8704K, committed 8704K, reserved 1048576K
}
Event: 22.219 GC heap before
{Heap before GC invocations=15 (full 3):
 PSYoungGen      total 229376K, used 213799K [0x00000000e0000000, 0x00000000f0280000, 0x0000000100000000)
  eden space 202752K, 100% used [0x00000000e0000000,0x00000000ec600000,0x00000000ec600000)
  from space 26624K, 41% used [0x00000000ec600000,0x00000000ed0c9d70,0x00000000ee000000)
  to   space 25600K, 0% used [0x00000000ee980000,0x00000000ee980000,0x00000000f0280000)
 ParOldGen       total 227840K, used 62111K [0x00000000a0000000, 0x00000000ade80000, 0x00000000e0000000)
  object space 227840K, 27% used [0x00000000a0000000,0x00000000a3ca7cf8,0x00000000ade80000)
 Metaspace       used 65491K, capacity 67782K, committed 68056K, reserved 1107968K
  class space    used 8651K, capacity 9184K, committed 9216K, reserved 1048576K
Event: 22.243 GC heap after
Heap after GC invocations=15 (full 3):
 PSYoungGen      total 225792K, used 25599K [0x00000000e0000000, 0x00000000f2d80000, 0x0000000100000000)
  eden space 200192K, 0% used [0x00000000e0000000,0x00000000e0000000,0x00000000ec380000)
  from space 25600K, 99% used [0x00000000ee980000,0x00000000f027fdc8,0x00000000f0280000)
  to   space 38912K, 0% used [0x00000000ec380000,0x00000000ec380000,0x00000000ee980000)
 ParOldGen       total 227840K, used 89080K [0x00000000a0000000, 0x00000000ade80000, 0x00000000e0000000)
  object space 227840K, 39% used [0x00000000a0000000,0x00000000a56fe0e8,0x00000000ade80000)
 Metaspace       used 65491K, capacity 67782K, committed 68056K, reserved 1107968K
  class space    used 8651K, capacity 9184K, committed 9216K, reserved 1048576K
}

