# JRE version: OpenJDK Runtime Environment (8.0_152-b02) (build 1.8.0_152-release-1024-b02)
# Java VM: OpenJDK 64-Bit Server VM (25.152-b02 mixed mode windows-amd64 compressed oops)
Heap:
 PSYoungGen      total 229888K, used 221507K [0x00000000e0000000, 0x00000000f8c00000, 0x0000000100000000)
  eden space 164864K, 95% used [0x00000000e0000000,0x00000000e9924a78,0x00000000ea100000)
  from space 65024K, 99% used [0x00000000ea400000,0x00000000ee32c3c8,0x00000000ee380000)
  to   space 120320K, 0% used [0x00000000f1680000,0x00000000f1680000,0x00000000f8c00000)
 ParOldGen       total 271872K, used 163983K [0x00000000a0000000, 0x00000000b0980000, 0x00000000e0000000)
  object space 271872K, 60% used [0x00000000a0000000,0x00000000aa023f48,0x00000000b0980000)
 Metaspace       used 85708K, capacity 90120K, committed 90328K, reserved 1128448K
  class space    used 10692K, capacity 11731K, committed 11776K, reserved 1048576K
GC Heap History (10 events):
Event: 1791.136 GC heap before
{Heap before GC invocations=22 (full 3):
 PSYoungGen      total 278528K, used 255647K [0x00000000e0000000, 0x00000000f5f00000, 0x0000000100000000)
  eden space 206848K, 100% used [0x00000000e0000000,0x00000000eca00000,0x00000000eca00000)
  from space 71680K, 68% used [0x00000000f1300000,0x00000000f42a7ef8,0x00000000f5900000)
  to   space 74752K, 0% used [0x00000000eca00000,0x00000000eca00000,0x00000000f1300000)
 ParOldGen       total 271872K, used 115322K [0x00000000a0000000, 0x00000000b0980000, 0x00000000e0000000)
  object space 271872K, 42% used [0x00000000a0000000,0x00000000a709eb58,0x00000000b0980000)
 Metaspace       used 77050K, capacity 80874K, committed 81112K, reserved 1120256K
  class space    used 9774K, capacity 10662K, committed 10752K, reserved 1048576K
Event: 1791.159 GC heap after
Heap after GC invocations=22 (full 3):
 PSYoungGen      total 276992K, used 56220K [0x00000000e0000000, 0x00000000f6080000, 0x0000000100000000)
  eden space 202240K, 0% used [0x00000000e0000000,0x00000000e0000000,0x00000000ec580000)
  from space 74752K, 75% used [0x00000000eca00000,0x00000000f00e72a0,0x00000000f1300000)
  to   space 79360K, 0% used [0x00000000f1300000,0x00000000f1300000,0x00000000f6080000)
 ParOldGen       total 271872K, used 115330K [0x00000000a0000000, 0x00000000b0980000, 0x00000000e0000000)
  object space 271872K, 42% used [0x00000000a0000000,0x00000000a70a0b58,0x00000000b0980000)
 Metaspace       used 77050K, capacity 80874K, committed 81112K, reserved 1120256K
  class space    used 9774K, capacity 10662K, committed 10752K, reserved 1048576K
}
Event: 1795.914 GC heap before
{Heap before GC invocations=23 (full 3):
 PSYoungGen      total 276992K, used 258460K [0x00000000e0000000, 0x00000000f6080000, 0x0000000100000000)
  eden space 202240K, 100% used [0x00000000e0000000,0x00000000ec580000,0x00000000ec580000)
  from space 74752K, 75% used [0x00000000eca00000,0x00000000f00e72a0,0x00000000f1300000)
  to   space 79360K, 0% used [0x00000000f1300000,0x00000000f1300000,0x00000000f6080000)
 ParOldGen       total 271872K, used 115330K [0x00000000a0000000, 0x00000000b0980000, 0x00000000e0000000)
  object space 271872K, 42% used [0x00000000a0000000,0x00000000a70a0b58,0x00000000b0980000)
 Metaspace       used 77328K, capacity 81252K, committed 81368K, reserved 1120256K
  class space    used 9802K, capacity 10703K, committed 10752K, reserved 1048576K
Event: 1795.934 GC heap after
Heap after GC invocations=23 (full 3):
 PSYoungGen      total 276992K, used 55914K [0x00000000e0000000, 0x00000000f6300000, 0x0000000100000000)
  eden space 197632K, 0% used [0x00000000e0000000,0x00000000e0000000,0x00000000ec100000)
  from space 79360K, 70% used [0x00000000f1300000,0x00000000f499aac8,0x00000000f6080000)
  to   space 82944K, 0% used [0x00000000ec100000,0x00000000ec100000,0x00000000f1200000)
 ParOldGen       total 271872K, used 115338K [0x00000000a0000000, 0x00000000b0980000, 0x00000000e0000000)
  object space 271872K, 42% used [0x00000000a0000000,0x00000000a70a2b58,0x00000000b0980000)
 Metaspace       used 77328K, capacity 81252K, committed 81368K, reserved 1120256K
  class space    used 9802K, capacity 10703K, committed 10752K, reserved 1048576K
}
Event: 1801.442 GC heap before
{Heap before GC invocations=24 (full 3):
 PSYoungGen      total 276992K, used 253546K [0x00000000e0000000, 0x00000000f6300000, 0x0000000100000000)
  eden space 197632K, 100% used [0x00000000e0000000,0x00000000ec100000,0x00000000ec100000)
  from space 79360K, 70% used [0x00000000f1300000,0x00000000f499aac8,0x00000000f6080000)
  to   space 82944K, 0% used [0x00000000ec100000,0x00000000ec100000,0x00000000f1200000)
 ParOldGen       total 271872K, used 115338K [0x00000000a0000000, 0x00000000b0980000, 0x00000000e0000000)
  object space 271872K, 42% used [0x00000000a0000000,0x00000000a70a2b58,0x00000000b0980000)
 Metaspace       used 82113K, capacity 86066K, committed 86360K, reserved 1124352K
  class space    used 10370K, capacity 11320K, committed 11392K, reserved 1048576K
Event: 1801.477 GC heap after
Heap after GC invocations=24 (full 3):
 PSYoungGen      total 275968K, used 82926K [0x00000000e0000000, 0x00000000f7980000, 0x0000000100000000)
  eden space 193024K, 0% used [0x00000000e0000000,0x00000000e0000000,0x00000000ebc80000)
  from space 82944K, 99% used [0x00000000ec100000,0x00000000f11fba38,0x00000000f1200000)
  to   space 96768K, 0% used [0x00000000f1b00000,0x00000000f1b00000,0x00000000f7980000)
 ParOldGen       total 271872K, used 118847K [0x00000000a0000000, 0x00000000b0980000, 0x00000000e0000000)
  object space 271872K, 43% used [0x00000000a0000000,0x00000000a740ffb0,0x00000000b0980000)
 Metaspace       used 82113K, capacity 86066K, committed 86360K, reserved 1124352K
  class space    used 10370K, capacity 11320K, committed 11392K, reserved 1048576K
}
Event: 1804.320 GC heap before
{Heap before GC invocations=25 (full 3):
 PSYoungGen      total 275968K, used 275950K [0x00000000e0000000, 0x00000000f7980000, 0x0000000100000000)
  eden space 193024K, 100% used [0x00000000e0000000,0x00000000ebc80000,0x00000000ebc80000)
  from space 82944K, 99% used [0x00000000ec100000,0x00000000f11fba38,0x00000000f1200000)
  to   space 96768K, 0% used [0x00000000f1b00000,0x00000000f1b00000,0x00000000f7980000)
 ParOldGen       total 271872K, used 118847K [0x00000000a0000000, 0x00000000b0980000, 0x00000000e0000000)
  object space 271872K, 43% used [0x00000000a0000000,0x00000000a740ffb0,0x00000000b0980000)
 Metaspace       used 84311K, capacity 88338K, committed 88536K, reserved 1126400K
  class space    used 10483K, capacity 11416K, committed 11520K, reserved 1048576K
Event: 1804.372 GC heap after
Heap after GC invocations=25 (full 3):
 PSYoungGen      total 264704K, used 96761K [0x00000000e0000000, 0x00000000fa680000, 0x0000000100000000)
  eden space 167936K, 0% used [0x00000000e0000000,0x00000000e0000000,0x00000000ea400000)
  from space 96768K, 99% used [0x00000000f1b00000,0x00000000f797e4b0,0x00000000f7980000)
  to   space 121856K, 0% used [0x00000000ea400000,0x00000000ea400000,0x00000000f1b00000)
 ParOldGen       total 271872K, used 146833K [0x00000000a0000000, 0x00000000b0980000, 0x00000000e0000000)
  object space 271872K, 54% used [0x00000000a0000000,0x00000000a8f64488,0x00000000b0980000)
 Metaspace       used 84311K, capacity 88338K, committed 88536K, reserved 1126400K
  class space    used 10483K, capacity 11416K, committed 11520K, reserved 1048576K
}
Event: 1808.704 GC heap before
{Heap before GC invocations=26 (full 3):
 PSYoungGen      total 264704K, used 264697K [0x00000000e0000000, 0x00000000fa680000, 0x0000000100000000)
  eden space 167936K, 100% used [0x00000000e0000000,0x00000000ea400000,0x00000000ea400000)
  from space 96768K, 99% used [0x00000000f1b00000,0x00000000f797e4b0,0x00000000f7980000)
  to   space 121856K, 0% used [0x00000000ea400000,0x00000000ea400000,0x00000000f1b00000)
 ParOldGen       total 271872K, used 146833K [0x00000000a0000000, 0x00000000b0980000, 0x00000000e0000000)
  object space 271872K, 54% used [0x00000000a0000000,0x00000000a8f64488,0x00000000b0980000)
 Metaspace       used 84481K, capacity 88498K, committed 88792K, reserved 1126400K
  class space    used 10492K, capacity 11448K, committed 11520K, reserved 1048576K
Event: 1808.740 GC heap after
Heap after GC invocations=26 (full 3):
 PSYoungGen      total 229888K, used 64688K [0x00000000e0000000, 0x00000000f8c00000, 0x0000000100000000)
  eden space 164864K, 0% used [0x00000000e0000000,0x00000000e0000000,0x00000000ea100000)
  from space 65024K, 99% used [0x00000000ea400000,0x00000000ee32c3c8,0x00000000ee380000)
  to   space 120320K, 0% used [0x00000000f1680000,0x00000000f1680000,0x00000000f8c00000)
 ParOldGen       total 271872K, used 163983K [0x00000000a0000000, 0x00000000b0980000, 0x00000000e0000000)
  object space 271872K, 60% used [0x00000000a0000000,0x00000000aa023f48,0x00000000b0980000)
 Metaspace       used 84481K, capacity 88498K, committed 88792K, reserved 1126400K
  class space    used 10492K, capacity 11448K, committed 11520K, reserved 1048576K
}

